<?xml version="1.0" encoding="UTF-8"?>
<Site BuildName="(empty)"
	BuildStamp="20250215-0945-Experimental"
	Name="(empty)"
	Generator="ctest-3.22.1"
	CompilerName=""
	CompilerVersion=""
	OSName="Linux"
	Hostname="claudio-fisso"
	OSRelease="5.15.0-131-generic"
	OSVersion="#141-Ubuntu SMP Fri Jan 10 21:18:28 UTC 2025"
	OSPlatform="x86_64"
	Is64Bits="1"
	VendorString="GenuineIntel"
	VendorID="Intel Corporation"
	FamilyID="6"
	ModelID="158"
	ProcessorCacheSize="6144"
	NumberOfLogicalCPU="4"
	NumberOfPhysicalCPU="4"
	TotalVirtualMemory="2047"
	TotalPhysicalMemory="19956"
	LogicalProcessorsPerPhysical="1"
	ProcessorClockFrequency="3300"
	>
	<Testing>
		<StartDateTime>Feb 15 11:06 CET</StartDateTime>
		<StartTestTime>1739613992</StartTestTime>
		<TestList/>
		<EndDateTime>Feb 15 11:06 CET</EndDateTime>
		<EndTestTime>1739613992</EndTestTime>
		<ElapsedMinutes>0</ElapsedMinutes>
	</Testing>
</Site>
